POST /user 404 144 - 1730.654 ms
POST /user 404 144 - 1.769 ms
GET /user 404 143 - 1.251 ms
POST /users - - - - ms
POST /roles 401 40 - 5.441 ms
POST /roles 201 101 - 218.741 ms
POST /users - - - - ms
POST /users - - - - ms
POST /users 201 235 - 194.837 ms
POST /roles 201 100 - 24.628 ms
POST /users 201 233 - 200.886 ms
GET /roles 200 204 - 118.504 ms
GET /users 200 133 - 41.293 ms
POST /roles 401 40 - 30.497 ms
POST /login 404 145 - 5.308 ms
POST /users/login 200 205 - 1835.076 ms
POST /roles 201 105 - 41.276 ms
DELETE /roles/3 200 26 - 20.789 ms
GET /users 200 133 - 16.075 ms
POST /pictures 401 40 - 49.957 ms
POST /pictures 400 58 - 137.648 ms
POST /pictures 400 58 - 175.042 ms
POST /pictures 400 58 - 22.458 ms
POST /pictures 400 58 - 19.143 ms
POST /pictures 400 58 - 174.382 ms
POST /roles 201 105 - 24.783 ms
POST /users - - - - ms
POST /users 201 213 - 193.035 ms
POST /users/login 200 205 - 397.671 ms
POST /pictures 400 58 - 53.254 ms
POST /pictures 400 58 - 20.839 ms
POST /pictures 400 1096 - 38.709 ms
POST /pictures 201 122 - 155.735 ms
POST /pictures 201 122 - 154.535 ms
POST /pictures 201 122 - 177.500 ms
POST /pictures 201 133 - 611.970 ms
POST /pictures 201 133 - 165.814 ms
POST /pictures 400 58 - 183.091 ms
POST /pictures 201 133 - 171.183 ms
GET /roles 200 204 - 138.540 ms
GET /roles 200 48 - 111.525 ms
GET /roles/1 200 101 - 29.865 ms
GET /roles 200 48 - 13.518 ms
GET /roles/1 200 101 - 9.484 ms
GET /roles 200 48 - 12.253 ms
GET /users 200 133 - 34.980 ms
GET /pictures 200 270 - 17.942 ms
GET /comments 404 147 - 4.484 ms
GET /comments 404 147 - 10.304 ms
GET /comments 200 265 - 132.738 ms
GET /comments 200 265 - 138.354 ms
GET /comments 200 265 - 18.396 ms
GET /comments 200 265 - 139.530 ms
GET /comments 200 265 - 24.336 ms
GET /comments 500 1590 - 13.413 ms
GET /comments 200 638 - 136.814 ms
GET /comments 200 638 - 143.615 ms
GET /comments 200 638 - 22.845 ms
GET /comments 200 510 - 148.529 ms
GET /comments/1 200 246 - 43.321 ms
GET /comments/3 200 4 - 136.682 ms
GET /comments/3 200 4 - 435.837 ms
GET /comments/3 200 4 - 137.764 ms
GET /comments/3 404 52 - 128.926 ms
GET /comments/3 404 41 - 138.176 ms
GET /comments/3 404 40 - 132.752 ms
GET /comments/1 404 40 - 26.018 ms
GET /comments/1 200 260 - 150.019 ms
GET /comments/3 404 40 - 23.469 ms
GET /comments 200 510 - 143.132 ms
GET /comments/1 200 260 - 27.973 ms
GET /comments/2 200 247 - 19.702 ms
GET /pictures 200 265 - 12.879 ms
GET /pictures/1 - - - - ms
GET /roles 200 48 - 107.735 ms
GET /users 200 133 - 33.231 ms
GET /comments/2 200 247 - 26.153 ms
GET /pictures/1 - - - - ms
GET /pictures/1 200 126 - 131.695 ms
GET /pictures/1 200 126 - 135.379 ms
GET /pictures/1 200 126 - 160.103 ms
GET /pictures/1 200 126 - 131.479 ms
GET /pictures/ - - - - ms
GET /pictures - - - - ms
GET /pictures 200 516 - 143.313 ms
GET /users 200 133 - 2183.564 ms
GET /pictures 200 516 - 63.717 ms
GET /pictures 200 760 - 2072.586 ms
GET /users 200 133 - 19.583 ms
GET /users 200 833 - 152.129 ms
GET /users 200 504 - 141.059 ms
GET /users 200 589 - 155.831 ms
GET /users 200 589 - 161.316 ms
GET /users 200 589 - 35.746 ms
GET /users/1 200 287 - 34.608 ms
GET /users/1 - - - - ms
GET /users/1 200 287 - 606.548 ms
POST /roles 401 40 - 1729.962 ms
POST /users/login 200 203 - 2280.243 ms
POST /roles 500 1593 - 13.653 ms
POST /roles 500 1578 - 54.107 ms
POST /roles 403 24 - 55.455 ms
POST /users/login 200 205 - 263.192 ms
POST /roles 201 102 - 27.512 ms
GET /roles 200 100 - 148.529 ms
POST /pictures 500 1575 - 58.876 ms
POST /pictures 201 122 - 167.657 ms
POST /pictures 400 124 - 183.331 ms
POST /pictures 400 58 - 169.964 ms
POST /pictures 400 58 - 161.615 ms
POST /pictures 400 58 - 179.523 ms
POST /pictures 201 124 - 197.353 ms
PUT /pictures/6 - - - - ms
PUT /pictures/6 - - - - ms
PUT /pictures/8 200 29 - 74.358 ms
PUT /pictures/2 403 24 - 27.424 ms
DELETE /pictures/3 - - - - ms
DELETE /pictures/8 200 29 - 36.358 ms
DELETE /pictures/2 200 29 - 22.561 ms
POST /users 201 222 - 1948.217 ms
POST /users/login 200 197 - 269.898 ms
POST /roles 403 24 - 2.238 ms
POST /roles 403 46 - 22.335 ms
POST /roles 403 24 - 2.218 ms
POST /roles 403 24 - 58.377 ms
PUT /roles/1 403 24 - 1786.448 ms
GET /pictures 200 374 - 217.930 ms
GET /pictures 200 374 - 166.052 ms
POST /roles 403 24 - 134.759 ms
POST /roles 201 86 - 124.129 ms
POST /roles 201 96 - 164.332 ms
POST /roles 403 46 - 30.078 ms
DELETE /roles/3 200 26 - 149.180 ms
POST /roles 400 58 - 7.721 ms
POST /roles 400 58 - 3.680 ms
POST /roles 201 104 - 51.916 ms
PUT /roles/5 200 26 - 30.976 ms
POST /comments 400 58 - 37.872 ms
POST /comments - - - - ms
POST /comments 201 131 - 187.859 ms
DELETE /comments/4 200 29 - 146.983 ms
DELETE /comments/5 200 29 - 19.892 ms
DELETE /comments/6 200 29 - 16.835 ms
DELETE /comments/7 200 29 - 25.566 ms
DELETE /comments/ 404 151 - 5.375 ms
DELETE /comments/8 200 29 - 22.147 ms
POST /comments 201 131 - 87.217 ms
DELETE /comments/9 200 29 - 23.349 ms
DELETE /upload 404 148 - 18.066 ms
POST /upload 200 17 - 10.642 ms
POST /upload 500 271 - 31.677 ms
POST /upload 200 16 - 13.782 ms
POST /upload 200 16 - 60.245 ms
POST /pictures 201 86 - 570.276 ms
POST /pictures 500 815 - 60.937 ms
POST /pictures 201 146 - 210.490 ms
POST /pictures 201 147 - 289.244 ms
POST /pictures 500 1341 - 45.833 ms
POST /pictures 201 163 - 225.067 ms
